<?xml version="1.0" encoding="UTF-8"?>
<!-- Generated by org.testng.reporters.JUnitReportReporter -->
<testsuite skipped="0" hostname="AND0470" name="automationframework.TestCases" tests="4" failures="0" timestamp="17 Jan 2020 07:43:23 GMT" time="25.906" errors="0">
  <testcase name="Login" time="6.308" classname="automationframework.TestCases"/>
  <testcase name="SearchProduct" time="4.850" classname="automationframework.TestCases"/>
  <testcase name="selectProduct" time="10.410" classname="automationframework.TestCases"/>
  <testcase name="deletefromWishList" time="4.338" classname="automationframework.TestCases"/>
</testsuite> <!-- automationframework.TestCases -->
